<?xml version="1.0" encoding="UTF-8"?>
<!-- Generated by org.testng.reporters.JUnitReportReporter -->
<testsuite hostname="SCTL-BA-I3-16" failures="0" tests="1" name="com.crm.qa.testcases.ContactPageTest" time="30.476" errors="0" timestamp="18 Jan 2019 06:47:48 GMT" skipped="0">
  <testcase classname="com.crm.qa.testcases.ContactPageTest" name="verifyContactPageLabel" time="30.476"/>
</testsuite> <!-- com.crm.qa.testcases.ContactPageTest -->
