<?xml version="1.0" encoding="UTF-8"?>
<!-- Generated by org.testng.reporters.JUnitReportReporter -->
<testsuite skipped="0" hostname="SCTL-BA-I3-16" name="com.crm.qa.testcases.LoginPageTest" tests="1" failures="0" timestamp="24 Jan 2019 05:34:55 GMT" time="37.674" errors="0">
  <testcase name="loginPageTitleTest" time="37.674" classname="com.crm.qa.testcases.LoginPageTest"/>
</testsuite> <!-- com.crm.qa.testcases.LoginPageTest -->
