<?xml version="1.0" encoding="UTF-8"?>
<!-- Generated by org.testng.reporters.JUnitReportReporter -->
<testsuite skipped="0" hostname="SCTL-BA-I3-16" name="com.crm.qa.testcases.ContactPageTest" tests="2" failures="0" timestamp="22 Jan 2019 11:49:17 GMT" time="57.879" errors="0">
  <testcase name="verifyContactPageLabel" time="29.437" classname="com.crm.qa.testcases.ContactPageTest"/>
  <testcase name="selectContactsTest" time="28.442" classname="com.crm.qa.testcases.ContactPageTest"/>
</testsuite> <!-- com.crm.qa.testcases.ContactPageTest -->
