<?xml version="1.0" encoding="UTF-8"?>
<!-- Generated by org.testng.reporters.JUnitReportReporter -->
<testsuite skipped="0" hostname="SCTL-BA-I3-16" name="com.crm.qa.testcases.HomePageTest" tests="1" failures="0" timestamp="22 Jan 2019 11:49:17 GMT" time="17.987" errors="0">
  <testcase name="verifyHomePageTitle" time="17.987" classname="com.crm.qa.testcases.HomePageTest"/>
</testsuite> <!-- com.crm.qa.testcases.HomePageTest -->
