<?xml version="1.0" encoding="UTF-8"?>
<!-- Generated by org.testng.reporters.JUnitReportReporter -->
<testsuite skipped="0" hostname="SCTL-BA-I3-16" name="com.crm.qa.testcases.LoginPageTest" tests="1" failures="0" timestamp="22 Jan 2019 11:49:17 GMT" time="17.585" errors="0">
  <testcase name="loginPageTitleTest" time="17.585" classname="com.crm.qa.testcases.LoginPageTest"/>
</testsuite> <!-- com.crm.qa.testcases.LoginPageTest -->
